<?xml version="1.0" encoding="UTF-8"?>
<!-- Generated by org.testng.reporters.JUnitReportReporter -->
<testsuite hostname="DESKTOP-FGI3ROV" name="com.qa.test.HomepageTest" tests="6" failures="0" timestamp="21 Nov 2019 11:09:02 GMT" time="149.186" errors="0">
  <testcase name="signUpLinkTest" time="23.248" classname="com.qa.test.HomepageTest"/>
  <testcase name="contactLinkTest" time="22.823" classname="com.qa.test.HomepageTest"/>
  <testcase name="pricingLinkTest" time="21.907" classname="com.qa.test.HomepageTest"/>
  <testcase name="crmLogoTest" time="27.418" classname="com.qa.test.HomepageTest"/>
  <testcase name="featuresLinkTest" time="33.478" classname="com.qa.test.HomepageTest"/>
  <testcase name="customersLinkTest" time="20.312" classname="com.qa.test.HomepageTest"/>
</testsuite> <!-- com.qa.test.HomepageTest -->
